[15Apr2025 00:00:17.603] [Server thread/WARN] [net.minecraft.server.MinecraftServer/]: Can't keep up! Is the server overloaded? Running 12948ms or 258 ticks behind
[15Apr2025 00:00:35.982] [Server thread/INFO] [net.minecraft.server.dedicated.DedicatedServer/]: <Lea_Matt> dex?
[15Apr2025 00:00:59.631] [Server thread/INFO] [net.minecraft.server.dedicated.DedicatedServer/]: <KevinCrax> perdona
[15Apr2025 00:01:04.243] [Server thread/INFO] [net.minecraft.server.dedicated.DedicatedServer/]: <KevinCrax> Estaba terminando de buscar eso del cuervo
[15Apr2025 00:02:49.889] [Server thread/INFO] [net.minecraft.server.dedicated.DedicatedServer/]: <KevinCrax> Lea donde estás
[15Apr2025 00:03:14.753] [Server thread/INFO] [net.minecraft.server.dedicated.DedicatedServer/]: Lea_Matt was pummeled by Cinder
[15Apr2025 00:03:16.144] [Server thread/INFO] [tombstone/]: The player Lea_Matt has successfully been saved
[15Apr2025 00:03:22.342] [Server thread/INFO] [net.minecraft.server.dedicated.DedicatedServer/]: <KevinCrax> oh
[15Apr2025 00:04:11.316] [Server thread/INFO] [net.minecraft.server.dedicated.DedicatedServer/]: <Lea_Matt> me tiraron fuego por todos lados
[15Apr2025 00:04:14.189] [Server thread/INFO] [net.minecraft.server.dedicated.DedicatedServer/]: <KevinCrax> si
[15Apr2025 00:04:26.263] [Server thread/WARN] [net.minecraft.world.TrackedEntity/]: Fetching packet for removed entity ItemEntity['Cobblestone'/5246, l='ServerLevel[World]', x=-32.13, y=70.00, z=75.82]
[15Apr2025 00:04:26.265] [Server thread/WARN] [net.minecraft.world.TrackedEntity/]: Fetching packet for removed entity ItemEntity['Cobblestone'/5245, l='ServerLevel[World]', x=-32.13, y=70.00, z=76.80]
[15Apr2025 00:04:26.266] [Server thread/WARN] [net.minecraft.world.TrackedEntity/]: Fetching packet for removed entity ItemEntity['Cobblestone'/5243, l='ServerLevel[World]', x=-33.44, y=70.00, z=76.32]
[15Apr2025 00:04:26.267] [Server thread/WARN] [net.minecraft.world.TrackedEntity/]: Fetching packet for removed entity ItemEntity['Spruce Door'/5247, l='ServerLevel[World]', x=-33.51, y=70.00, z=76.30]
[15Apr2025 00:04:47.634] [Server thread/INFO] [net.minecraft.server.dedicated.DedicatedServer/]: KevinCrax has made the advancement [One Ticket Please]
[15Apr2025 00:04:55.723] [Server thread/INFO] [net.minecraft.server.dedicated.DedicatedServer/]: <KevinCrax> Está listo
[15Apr2025 00:05:05.651] [Server thread/INFO] [net.minecraft.server.dedicated.DedicatedServer/]: <Lea_Matt> yey
[15Apr2025 00:05:20.580] [Server thread/INFO] [net.minecraft.server.dedicated.DedicatedServer/]: <Lea_Matt> deja que vacio inventario
[15Apr2025 00:05:23.524] [Server thread/INFO] [net.minecraft.server.dedicated.DedicatedServer/]: <KevinCrax> okay
[15Apr2025 00:06:15.070] [Server thread/INFO] [net.minecraft.server.dedicated.DedicatedServer/]: <Lea_Matt> dex
[15Apr2025 00:06:20.727] [Server thread/INFO] [net.minecraft.server.dedicated.DedicatedServer/]: <KevinCrax> Hm ?
[15Apr2025 00:06:22.277] [Server thread/INFO] [net.minecraft.server.dedicated.DedicatedServer/]: <Lea_Matt> para que sirve esto?
[15Apr2025 00:06:39.954] [Server thread/INFO] [net.minecraft.server.dedicated.DedicatedServer/]: <KevinCrax> para lo que vees
[15Apr2025 00:07:23.774] [Server thread/INFO] [net.minecraft.server.dedicated.DedicatedServer/]: KevinCrax has reached the goal [Powder Snow Walk]
[15Apr2025 00:12:41.311] [Server thread/INFO] [net.minecraft.server.dedicated.DedicatedServer/]: Lea_Matt has completed the challenge [Cover Me in Debris]
[15Apr2025 00:13:13.528] [Server thread/INFO] [net.minecraft.server.dedicated.DedicatedServer/]: <KevinCrax> ..
[15Apr2025 00:13:21.339] [Server thread/INFO] [net.minecraft.server.dedicated.DedicatedServer/]: <Lea_Matt> que paso?
[15Apr2025 00:13:30.680] [Server thread/INFO] [net.minecraft.server.dedicated.DedicatedServer/]: <KevinCrax> OTRA VEZ ME CONFUDIIIIIIIII
[15Apr2025 00:15:34.324] [Server thread/INFO] [net.minecraft.server.dedicated.DedicatedServer/]: Lea_Matt has made the advancement [No Dust on You]
[15Apr2025 00:16:55.379] [Server thread/INFO] [net.minecraft.server.dedicated.DedicatedServer/]: <Lea_Matt> exploto la casita
[15Apr2025 00:17:18.225] [Server thread/INFO] [net.minecraft.server.dedicated.DedicatedServer/]: <Lea_Matt> despues me pasas mis carteles y cosas?
